current directory: /Users/dustin/repos/github/booster-shot/.gems/gems/puma-2.16.0/ext/puma_http11
/Users/dustin/.rbenv/versions/2.3.0/bin/ruby -r ./siteconf20160130-6486-1jfva2.rb extconf.rb
checking for BIO_read() in -lcrypto... yes
checking for SSL_CTX_new() in -lssl... yes
checking for openssl/bio.h... no
creating Makefile

To see why this extension failed to compile, please check the mkmf.log which can be found here:

  /Users/dustin/repos/github/booster-shot/.gems/extensions/x86_64-darwin-15/2.3.0-static/puma-2.16.0/mkmf.log

current directory: /Users/dustin/repos/github/booster-shot/.gems/gems/puma-2.16.0/ext/puma_http11
make "DESTDIR=" clean

current directory: /Users/dustin/repos/github/booster-shot/.gems/gems/puma-2.16.0/ext/puma_http11
make "DESTDIR="
compiling http11_parser.c
compiling io_buffer.c
io_buffer.c:119:10: warning: passing 'uint8_t *' (aka 'unsigned char *') to parameter of type 'const char *' converts between pointers to integer types with different sign [-Wpointer-sign]
  return rb_str_new(b->top, b->cur - b->top);
         ^~~~~~~~~~~~~~~~~~~~~~~~~~~~~~~~~~~
/Users/dustin/.rbenv/versions/2.3.0/include/ruby-2.3.0/ruby/intern.h:800:20: note: expanded from macro 'rb_str_new'
        rb_str_new_static((str), (len)) : \
                          ^~~~~
/Users/dustin/.rbenv/versions/2.3.0/include/ruby-2.3.0/ruby/intern.h:729:37: note: passing argument to parameter here
VALUE rb_str_new_static(const char *, long);
                                    ^
io_buffer.c:119:10: warning: passing 'uint8_t *' (aka 'unsigned char *') to parameter of type 'const char *' converts between pointers to integer types with different sign [-Wpointer-sign]
  return rb_str_new(b->top, b->cur - b->top);
         ^~~~~~~~~~~~~~~~~~~~~~~~~~~~~~~~~~~
/Users/dustin/.rbenv/versions/2.3.0/include/ruby-2.3.0/ruby/intern.h:801:13: note: expanded from macro 'rb_str_new'
        rb_str_new((str), (len));         \
                   ^~~~~
/Users/dustin/.rbenv/versions/2.3.0/include/ruby-2.3.0/ruby/intern.h:708:29: note: passing argument to parameter here
VALUE rb_str_new(const char*, long);
                            ^
2 warnings generated.
compiling mini_ssl.c
In file included from mini_ssl.c:4:
/Users/dustin/.rbenv/versions/2.3.0/include/ruby-2.3.0/ruby/backward/rubyio.h:2:2: warning: use "ruby/io.h" instead of "rubyio.h" [-W#warnings]
#warning use "ruby/io.h" instead of "rubyio.h"
 ^
1 warning generated.
compiling puma_http11.c
linking shared-object puma/puma_http11.bundle

current directory: /Users/dustin/repos/github/booster-shot/.gems/gems/puma-2.16.0/ext/puma_http11
make "DESTDIR=" install
/usr/bin/install -c -m 0755 puma_http11.bundle ./.gem.20160130-6486-p8dxky/puma
